# JRE version: OpenJDK Runtime Environment (11.0.12+7) (build 11.0.12+7-b1504.28-7817840)
# Java VM: OpenJDK 64-Bit Server VM (11.0.12+7-b1504.28-7817840, mixed mode, tiered, compressed oops, g1 gc, windows-amd64)
Heap:
 garbage-first heap   total 92160K, used 62431K [0x00000000c2c00000, 0x0000000100000000)
  region size 1024K, 18 young (18432K), 3 survivors (3072K)
 Metaspace       used 66110K, capacity 66732K, committed 66896K, reserved 1107968K
  class space    used 7448K, capacity 7714K, committed 7804K, reserved 1048576K
GC Heap History (20 events):
Event: 15.754 GC heap before
{Heap before GC invocations=10 (full 0):
 garbage-first heap   total 63488K, used 45959K [0x00000000c2c00000, 0x0000000100000000)
  region size 1024K, 21 young (21504K), 2 survivors (2048K)
 Metaspace       used 46992K, capacity 47454K, committed 47568K, reserved 1091584K
  class space    used 5600K, capacity 5810K, committed 5884K, reserved 1048576K
}
Event: 15.770 GC heap after
{Heap after GC invocations=11 (full 0):
 garbage-first heap   total 63488K, used 29254K [0x00000000c2c00000, 0x0000000100000000)
  region size 1024K, 3 young (3072K), 3 survivors (3072K)
 Metaspace       used 46992K, capacity 47454K, committed 47568K, reserved 1091584K
  class space    used 5600K, capacity 5810K, committed 5884K, reserved 1048576K
}
Event: 16.201 GC heap before
{Heap before GC invocations=11 (full 0):
 garbage-first heap   total 63488K, used 48710K [0x00000000c2c00000, 0x0000000100000000)
  region size 1024K, 21 young (21504K), 3 survivors (3072K)
 Metaspace       used 47636K, capacity 48128K, committed 48336K, reserved 1091584K
  class space    used 5636K, capacity 5842K, committed 5884K, reserved 1048576K
}
Event: 16.210 GC heap after
{Heap after GC invocations=12 (full 0):
 garbage-first heap   total 63488K, used 31049K [0x00000000c2c00000, 0x0000000100000000)
  region size 1024K, 2 young (2048K), 2 survivors (2048K)
 Metaspace       used 47636K, capacity 48128K, committed 48336K, reserved 1091584K
  class space    used 5636K, capacity 5842K, committed 5884K, reserved 1048576K
}
Event: 16.871 GC heap before
{Heap before GC invocations=12 (full 0):
 garbage-first heap   total 63488K, used 48457K [0x00000000c2c00000, 0x0000000100000000)
  region size 1024K, 19 young (19456K), 2 survivors (2048K)
 Metaspace       used 49337K, capacity 49905K, committed 50128K, reserved 1093632K
  class space    used 5821K, capacity 6049K, committed 6140K, reserved 1048576K
}
Event: 16.883 GC heap after
{Heap after GC invocations=13 (full 0):
 garbage-first heap   total 63488K, used 32023K [0x00000000c2c00000, 0x0000000100000000)
  region size 1024K, 3 young (3072K), 3 survivors (3072K)
 Metaspace       used 49337K, capacity 49905K, committed 50128K, reserved 1093632K
  class space    used 5821K, capacity 6049K, committed 6140K, reserved 1048576K
}
Event: 17.982 GC heap before
{Heap before GC invocations=14 (full 0):
 garbage-first heap   total 63488K, used 48407K [0x00000000c2c00000, 0x0000000100000000)
  region size 1024K, 19 young (19456K), 3 survivors (3072K)
 Metaspace       used 50750K, capacity 51254K, committed 51536K, reserved 1095680K
  class space    used 5895K, capacity 6115K, committed 6268K, reserved 1048576K
}
Event: 18.004 GC heap after
{Heap after GC invocations=15 (full 0):
 garbage-first heap   total 63488K, used 34807K [0x00000000c2c00000, 0x0000000100000000)
  region size 1024K, 3 young (3072K), 3 survivors (3072K)
 Metaspace       used 50750K, capacity 51254K, committed 51536K, reserved 1095680K
  class space    used 5895K, capacity 6115K, committed 6268K, reserved 1048576K
}
Event: 18.516 GC heap before
{Heap before GC invocations=15 (full 0):
 garbage-first heap   total 63488K, used 49143K [0x00000000c2c00000, 0x0000000100000000)
  region size 1024K, 17 young (17408K), 3 survivors (3072K)
 Metaspace       used 51037K, capacity 51575K, committed 51792K, reserved 1095680K
  class space    used 5895K, capacity 6115K, committed 6268K, reserved 1048576K
}
Event: 18.538 GC heap after
{Heap after GC invocations=16 (full 0):
 garbage-first heap   total 76800K, used 37619K [0x00000000c2c00000, 0x0000000100000000)
  region size 1024K, 3 young (3072K), 3 survivors (3072K)
 Metaspace       used 51037K, capacity 51575K, committed 51792K, reserved 1095680K
  class space    used 5895K, capacity 6115K, committed 6268K, reserved 1048576K
}
Event: 19.289 GC heap before
{Heap before GC invocations=17 (full 0):
 garbage-first heap   total 76800K, used 56051K [0x00000000c2c00000, 0x0000000100000000)
  region size 1024K, 21 young (21504K), 3 survivors (3072K)
 Metaspace       used 51833K, capacity 52439K, committed 52816K, reserved 1095680K
  class space    used 5953K, capacity 6189K, committed 6268K, reserved 1048576K
}
Event: 19.304 GC heap after
{Heap after GC invocations=18 (full 0):
 garbage-first heap   total 76800K, used 39438K [0x00000000c2c00000, 0x0000000100000000)
  region size 1024K, 2 young (2048K), 2 survivors (2048K)
 Metaspace       used 51833K, capacity 52439K, committed 52816K, reserved 1095680K
  class space    used 5953K, capacity 6189K, committed 6268K, reserved 1048576K
}
Event: 20.491 GC heap before
{Heap before GC invocations=18 (full 0):
 garbage-first heap   total 76800K, used 57870K [0x00000000c2c00000, 0x0000000100000000)
  region size 1024K, 20 young (20480K), 2 survivors (2048K)
 Metaspace       used 54064K, capacity 54615K, committed 54864K, reserved 1097728K
  class space    used 6199K, capacity 6424K, committed 6524K, reserved 1048576K
}
Event: 20.506 GC heap after
{Heap after GC invocations=19 (full 0):
 garbage-first heap   total 76800K, used 41012K [0x00000000c2c00000, 0x0000000100000000)
  region size 1024K, 2 young (2048K), 2 survivors (2048K)
 Metaspace       used 54064K, capacity 54615K, committed 54864K, reserved 1097728K
  class space    used 6199K, capacity 6424K, committed 6524K, reserved 1048576K
}
Event: 22.059 GC heap before
{Heap before GC invocations=20 (full 0):
 garbage-first heap   total 76800K, used 58420K [0x00000000c2c00000, 0x0000000100000000)
  region size 1024K, 19 young (19456K), 2 survivors (2048K)
 Metaspace       used 57342K, capacity 57896K, committed 58064K, reserved 1099776K
  class space    used 6543K, capacity 6791K, committed 6908K, reserved 1048576K
}
Event: 22.091 GC heap after
{Heap after GC invocations=21 (full 0):
 garbage-first heap   total 76800K, used 42870K [0x00000000c2c00000, 0x0000000100000000)
  region size 1024K, 3 young (3072K), 3 survivors (3072K)
 Metaspace       used 57342K, capacity 57896K, committed 58064K, reserved 1099776K
  class space    used 6543K, capacity 6791K, committed 6908K, reserved 1048576K
}
Event: 23.077 GC heap before
{Heap before GC invocations=21 (full 0):
 garbage-first heap   total 76800K, used 60278K [0x00000000c2c00000, 0x0000000100000000)
  region size 1024K, 20 young (20480K), 3 survivors (3072K)
 Metaspace       used 60150K, capacity 60774K, committed 60880K, reserved 1103872K
  class space    used 6816K, capacity 7072K, committed 7164K, reserved 1048576K
}
Event: 23.092 GC heap after
{Heap after GC invocations=22 (full 0):
 garbage-first heap   total 92160K, used 45463K [0x00000000c2c00000, 0x0000000100000000)
  region size 1024K, 3 young (3072K), 3 survivors (3072K)
 Metaspace       used 60150K, capacity 60774K, committed 60880K, reserved 1103872K
  class space    used 6816K, capacity 7072K, committed 7164K, reserved 1048576K
}
Event: 23.873 GC heap before
{Heap before GC invocations=23 (full 0):
 garbage-first heap   total 92160K, used 65943K [0x00000000c2c00000, 0x0000000100000000)
  region size 1024K, 24 young (24576K), 3 survivors (3072K)
 Metaspace       used 63540K, capacity 64172K, committed 64336K, reserved 1105920K
  class space    used 7134K, capacity 7394K, committed 7548K, reserved 1048576K
}
Event: 23.888 GC heap after
{Heap after GC invocations=24 (full 0):
 garbage-first heap   total 92160K, used 48095K [0x00000000c2c00000, 0x0000000100000000)
  region size 1024K, 3 young (3072K), 3 survivors (3072K)
 Metaspace       used 63540K, capacity 64172K, committed 64336K, reserved 1105920K
  class space    used 7134K, capacity 7394K, committed 7548K, reserved 1048576K
}

