# JRE version: OpenJDK Runtime Environment (11.0.12+7) (build 11.0.12+7-b1504.28-7817840)
# Java VM: OpenJDK 64-Bit Server VM (11.0.12+7-b1504.28-7817840, mixed mode, tiered, compressed oops, g1 gc, windows-amd64)
Heap:
 garbage-first heap   total 110592K, used 50834K [0x00000000c2c00000, 0x0000000100000000)
  region size 1024K, 3 young (3072K), 3 survivors (3072K)
 Metaspace       used 65101K, capacity 65710K, committed 66000K, reserved 1107968K
  class space    used 7348K, capacity 7586K, committed 7676K, reserved 1048576K
GC Heap History (20 events):
Event: 12.850 GC heap before
{Heap before GC invocations=11 (full 0):
 garbage-first heap   total 63488K, used 47258K [0x00000000c2c00000, 0x0000000100000000)
  region size 1024K, 20 young (20480K), 3 survivors (3072K)
 Metaspace       used 47569K, capacity 48064K, committed 48336K, reserved 1091584K
  class space    used 5634K, capacity 5842K, committed 5884K, reserved 1048576K
}
Event: 12.868 GC heap after
{Heap after GC invocations=12 (full 0):
 garbage-first heap   total 63488K, used 34436K [0x00000000c2c00000, 0x0000000100000000)
  region size 1024K, 3 young (3072K), 3 survivors (3072K)
 Metaspace       used 47569K, capacity 48064K, committed 48336K, reserved 1091584K
  class space    used 5634K, capacity 5842K, committed 5884K, reserved 1048576K
}
Event: 13.424 GC heap before
{Heap before GC invocations=12 (full 0):
 garbage-first heap   total 63488K, used 47748K [0x00000000c2c00000, 0x0000000100000000)
  region size 1024K, 16 young (16384K), 3 survivors (3072K)
 Metaspace       used 48020K, capacity 48535K, committed 48720K, reserved 1091584K
  class space    used 5685K, capacity 5914K, committed 6012K, reserved 1048576K
}
Event: 13.435 GC heap after
{Heap after GC invocations=13 (full 0):
 garbage-first heap   total 63488K, used 35752K [0x00000000c2c00000, 0x0000000100000000)
  region size 1024K, 2 young (2048K), 2 survivors (2048K)
 Metaspace       used 48020K, capacity 48535K, committed 48720K, reserved 1091584K
  class space    used 5685K, capacity 5914K, committed 6012K, reserved 1048576K
}
Event: 14.660 GC heap before
{Heap before GC invocations=14 (full 0):
 garbage-first heap   total 63488K, used 47016K [0x00000000c2c00000, 0x0000000100000000)
  region size 1024K, 14 young (14336K), 2 survivors (2048K)
 Metaspace       used 50104K, capacity 50646K, committed 50896K, reserved 1093632K
  class space    used 5875K, capacity 6083K, committed 6140K, reserved 1048576K
}
Event: 14.673 GC heap after
{Heap after GC invocations=15 (full 0):
 garbage-first heap   total 76800K, used 37718K [0x00000000c2c00000, 0x0000000100000000)
  region size 1024K, 2 young (2048K), 2 survivors (2048K)
 Metaspace       used 50104K, capacity 50646K, committed 50896K, reserved 1093632K
  class space    used 5875K, capacity 6083K, committed 6140K, reserved 1048576K
}
Event: 14.792 GC heap before
{Heap before GC invocations=15 (full 0):
 garbage-first heap   total 76800K, used 38742K [0x00000000c2c00000, 0x0000000100000000)
  region size 1024K, 3 young (3072K), 2 survivors (2048K)
 Metaspace       used 50241K, capacity 50806K, committed 51024K, reserved 1093632K
  class space    used 5884K, capacity 6115K, committed 6268K, reserved 1048576K
}
Event: 14.815 GC heap after
{Heap after GC invocations=16 (full 0):
 garbage-first heap   total 76800K, used 37371K [0x00000000c2c00000, 0x0000000100000000)
  region size 1024K, 1 young (1024K), 1 survivors (1024K)
 Metaspace       used 50241K, capacity 50806K, committed 51024K, reserved 1093632K
  class space    used 5884K, capacity 6115K, committed 6268K, reserved 1048576K
}
Event: 15.781 GC heap before
{Heap before GC invocations=16 (full 0):
 garbage-first heap   total 76800K, used 54779K [0x00000000c2c00000, 0x0000000100000000)
  region size 1024K, 18 young (18432K), 1 survivors (1024K)
 Metaspace       used 50940K, capacity 51447K, committed 51792K, reserved 1095680K
  class space    used 5895K, capacity 6115K, committed 6268K, reserved 1048576K
}
Event: 15.792 GC heap after
{Heap after GC invocations=17 (full 0):
 garbage-first heap   total 76800K, used 40491K [0x00000000c2c00000, 0x0000000100000000)
  region size 1024K, 3 young (3072K), 3 survivors (3072K)
 Metaspace       used 50940K, capacity 51447K, committed 51792K, reserved 1095680K
  class space    used 5895K, capacity 6115K, committed 6268K, reserved 1048576K
}
Event: 16.314 GC heap before
{Heap before GC invocations=18 (full 0):
 garbage-first heap   total 76800K, used 55851K [0x00000000c2c00000, 0x0000000100000000)
  region size 1024K, 19 young (19456K), 3 survivors (3072K)
 Metaspace       used 51514K, capacity 52006K, committed 52304K, reserved 1095680K
  class space    used 5922K, capacity 6151K, committed 6268K, reserved 1048576K
}
Event: 16.336 GC heap after
{Heap after GC invocations=19 (full 0):
 garbage-first heap   total 76800K, used 43040K [0x00000000c2c00000, 0x0000000100000000)
  region size 1024K, 3 young (3072K), 3 survivors (3072K)
 Metaspace       used 51514K, capacity 52006K, committed 52304K, reserved 1095680K
  class space    used 5922K, capacity 6151K, committed 6268K, reserved 1048576K
}
Event: 16.344 GC heap before
{Heap before GC invocations=19 (full 0):
 garbage-first heap   total 76800K, used 44064K [0x00000000c2c00000, 0x0000000100000000)
  region size 1024K, 4 young (4096K), 3 survivors (3072K)
 Metaspace       used 51516K, capacity 52006K, committed 52304K, reserved 1095680K
  class space    used 5922K, capacity 6151K, committed 6268K, reserved 1048576K
}
Event: 16.355 GC heap after
{Heap after GC invocations=20 (full 0):
 garbage-first heap   total 92160K, used 42455K [0x00000000c2c00000, 0x0000000100000000)
  region size 1024K, 1 young (1024K), 1 survivors (1024K)
 Metaspace       used 51516K, capacity 52006K, committed 52304K, reserved 1095680K
  class space    used 5922K, capacity 6151K, committed 6268K, reserved 1048576K
}
Event: 17.707 GC heap before
{Heap before GC invocations=20 (full 0):
 garbage-first heap   total 92160K, used 62935K [0x00000000c2c00000, 0x0000000100000000)
  region size 1024K, 22 young (22528K), 1 survivors (1024K)
 Metaspace       used 54041K, capacity 54614K, committed 54864K, reserved 1097728K
  class space    used 6200K, capacity 6424K, committed 6524K, reserved 1048576K
}
Event: 17.721 GC heap after
{Heap after GC invocations=21 (full 0):
 garbage-first heap   total 92160K, used 43597K [0x00000000c2c00000, 0x0000000100000000)
  region size 1024K, 2 young (2048K), 2 survivors (2048K)
 Metaspace       used 54041K, capacity 54614K, committed 54864K, reserved 1097728K
  class space    used 6200K, capacity 6424K, committed 6524K, reserved 1048576K
}
Event: 19.752 GC heap before
{Heap before GC invocations=22 (full 0):
 garbage-first heap   total 92160K, used 65101K [0x00000000c2c00000, 0x0000000100000000)
  region size 1024K, 24 young (24576K), 2 survivors (2048K)
 Metaspace       used 57906K, capacity 58443K, committed 58576K, reserved 1101824K
  class space    used 6590K, capacity 6823K, committed 6908K, reserved 1048576K
}
Event: 19.770 GC heap after
{Heap after GC invocations=23 (full 0):
 garbage-first heap   total 92160K, used 45558K [0x00000000c2c00000, 0x0000000100000000)
  region size 1024K, 3 young (3072K), 3 survivors (3072K)
 Metaspace       used 57906K, capacity 58443K, committed 58576K, reserved 1101824K
  class space    used 6590K, capacity 6823K, committed 6908K, reserved 1048576K
}
Event: 20.594 GC heap before
{Heap before GC invocations=23 (full 0):
 garbage-first heap   total 92160K, used 67062K [0x00000000c2c00000, 0x0000000100000000)
  region size 1024K, 25 young (25600K), 3 survivors (3072K)
 Metaspace       used 61081K, capacity 61707K, committed 61904K, reserved 1103872K
  class space    used 6873K, capacity 7105K, committed 7164K, reserved 1048576K
}
Event: 20.615 GC heap after
{Heap after GC invocations=24 (full 0):
 garbage-first heap   total 92160K, used 48370K [0x00000000c2c00000, 0x0000000100000000)
  region size 1024K, 4 young (4096K), 4 survivors (4096K)
 Metaspace       used 61081K, capacity 61707K, committed 61904K, reserved 1103872K
  class space    used 6873K, capacity 7105K, committed 7164K, reserved 1048576K
}

